<?xml version="1.0" encoding="UTF-8"?>
<!-- Generated by org.testng.reporters.JUnitXMLReporter -->
<testsuite ignored="0" hostname="LAPTOP-GHQU6SH7" failures="0" tests="5" name="Default test" time="0.154" errors="0" timestamp="2022-03-17T22:51:46 IST">
  <testcase classname="com.sgtesting.testngassignments.Assignment1" name="launchBrowser" time="0.099"/>
  <testcase classname="com.sgtesting.testngassignments.Assignment1" name="navigate" time="0.001"/>
  <testcase classname="com.sgtesting.testngassignments.Assignment1" name="login" time="0.01"/>
  <testcase classname="com.sgtesting.testngassignments.Assignment1" name="minimizeFlyOutWindow" time="0.003"/>
  <testcase classname="com.sgtesting.testngassignments.Assignment1" name="createUser" time="0.001"/>
</testsuite> <!-- Default test -->
