<?xml version="1.0" encoding="UTF-8"?>
<testng-results ignored="0" total="5" passed="5" failed="0" skipped="0">
  <reporter-output>
  </reporter-output>
  <suite started-at="2022-03-17T22:51:46 IST" name="Default suite" finished-at="2022-03-17T22:51:46 IST" duration-ms="154">
    <groups>
    </groups>
    <test started-at="2022-03-17T22:51:46 IST" name="Default test" finished-at="2022-03-17T22:51:46 IST" duration-ms="154">
      <class name="com.sgtesting.testngassignments.Assignment1">
        <test-method signature="launchBrowser()[pri:1, instance:com.sgtesting.testngassignments.Assignment1@183ec003]" started-at="2022-03-17T22:51:46 IST" name="launchBrowser" finished-at="2022-03-17T22:51:46 IST" duration-ms="99" status="PASS">
          <reporter-output>
          </reporter-output>
        </test-method> <!-- launchBrowser -->
        <test-method signature="navigate()[pri:2, instance:com.sgtesting.testngassignments.Assignment1@183ec003]" started-at="2022-03-17T22:51:46 IST" name="navigate" finished-at="2022-03-17T22:51:46 IST" duration-ms="1" status="PASS">
          <reporter-output>
          </reporter-output>
        </test-method> <!-- navigate -->
        <test-method signature="login()[pri:3, instance:com.sgtesting.testngassignments.Assignment1@183ec003]" started-at="2022-03-17T22:51:46 IST" name="login" finished-at="2022-03-17T22:51:46 IST" duration-ms="10" status="PASS">
          <reporter-output>
          </reporter-output>
        </test-method> <!-- login -->
        <test-method signature="minimizeFlyOutWindow()[pri:4, instance:com.sgtesting.testngassignments.Assignment1@183ec003]" started-at="2022-03-17T22:51:46 IST" name="minimizeFlyOutWindow" finished-at="2022-03-17T22:51:46 IST" duration-ms="3" status="PASS">
          <reporter-output>
          </reporter-output>
        </test-method> <!-- minimizeFlyOutWindow -->
        <test-method signature="createUser()[pri:5, instance:com.sgtesting.testngassignments.Assignment1@183ec003]" started-at="2022-03-17T22:51:46 IST" name="createUser" finished-at="2022-03-17T22:51:46 IST" duration-ms="1" status="PASS">
          <reporter-output>
          </reporter-output>
        </test-method> <!-- createUser -->
      </class> <!-- com.sgtesting.testngassignments.Assignment1 -->
    </test> <!-- Default test -->
  </suite> <!-- Default suite -->
</testng-results>
